[2023-12-19T17:27:28.959Z] GET /
[2023-12-19T17:27:29.196Z] GET /favicon.ico
[2023-12-19T17:28:08.747Z] GET /
[2023-12-19T17:28:09.849Z] GET /ondex.html
[2023-12-19T17:37:22.552Z] GET /
[2023-12-19T17:37:23.605Z] GET /ondex.html
[2023-12-19T17:37:23.648Z] GET /chat.js
[2023-12-19T17:37:45.866Z] GET /ondex.html
[2023-12-19T17:37:45.900Z] GET /chat.js
[2023-12-19T17:37:46.760Z] GET /ondex.html
[2023-12-19T17:37:46.781Z] GET /chat.js
[2023-12-19T17:37:52.858Z] GET /ondex.html
[2023-12-19T17:37:52.881Z] GET /chat.js
[2023-12-19T17:37:53.553Z] GET /ondex.html
[2023-12-19T17:37:53.575Z] GET /chat.js
[2023-12-19T17:38:00.859Z] GET /ondex.html
[2023-12-19T17:38:00.903Z] GET /chat.js
[2023-12-19T17:38:29.569Z] GET /ondex.html
[2023-12-19T17:38:29.592Z] GET /chat.js
[2023-12-19T17:38:29.712Z] GET /chat.js
[2023-12-19T17:40:34.357Z] GET /
[2023-12-19T17:40:35.301Z] GET /ondex.html
[2023-12-19T17:40:40.081Z] GET /nndex.html
[2023-12-19T17:41:21.381Z] GET /
[2023-12-19T17:41:49.188Z] GET /
[2023-12-19T17:42:04.168Z] GET /
[2023-12-19T17:54:09.378Z] GET /
[2023-12-19T17:54:09.668Z] GET /favicon.ico
[2023-12-19T17:54:11.468Z] GET /nndex.html
[2023-12-19T17:54:14.463Z] GET /src/app/p8.html
[2023-12-19T17:54:15.745Z] GET /src/style/styles.css
[2023-12-19T17:54:15.838Z] GET /src/app/json/QUESTIONS8.json
[2023-12-19T17:54:47.253Z] GET /src/app/p8.html
[2023-12-19T17:54:48.580Z] GET /src/style/styles.css
[2023-12-19T17:54:48.667Z] GET /src/app/json/QUESTIONS8.json
[2023-12-19T17:54:52.173Z] GET /src/app/p8.html
[2023-12-19T17:54:54.115Z] GET /src/style/styles.css
[2023-12-19T17:54:54.338Z] GET /src/app/json/QUESTIONS8.json
[2023-12-19T17:55:36.608Z] GET /src/app/p8.html
[2023-12-19T17:55:36.627Z] GET /src/style/styles.css
[2023-12-19T17:55:36.675Z] GET /src/app/json/QUESTIONS8.json
[2023-12-19T17:55:37.949Z] GET /src/app/p8.html
[2023-12-19T17:55:37.962Z] GET /src/style/styles.css
[2023-12-19T17:55:38.017Z] GET /src/app/json/QUESTIONS8.json
[2023-12-19T17:55:38.491Z] GET /src/app/p8.html
[2023-12-19T17:55:38.504Z] GET /src/style/styles.css
[2023-12-19T17:55:38.544Z] GET /src/app/json/QUESTIONS8.json
[2023-12-19T17:55:54.608Z] GET /src/app/p8.html
[2023-12-19T17:55:54.619Z] GET /src/style/styles.css
[2023-12-19T17:55:54.675Z] GET /src/app/json/QUESTIONS8.json
[2023-12-19T17:55:55.174Z] GET /src/app/p8.html
[2023-12-19T17:55:55.191Z] GET /src/style/styles.css
[2023-12-19T17:55:55.234Z] GET /src/app/json/QUESTIONS8.json
[2023-12-19T17:55:55.734Z] GET /src/app/p8.html
[2023-12-19T17:55:55.747Z] GET /src/style/styles.css
[2023-12-19T17:55:55.814Z] GET /src/app/json/QUESTIONS8.json
[2023-12-19T17:56:01.050Z] GET /src/app/p8.html
[2023-12-19T17:56:01.064Z] GET /src/style/styles.css
[2023-12-19T17:56:01.119Z] GET /src/app/json/QUESTIONS8.json
[2023-12-19T17:56:02.773Z] GET /src/app/p8.html
[2023-12-19T17:56:02.785Z] GET /src/style/styles.css
[2023-12-19T17:56:02.825Z] GET /src/app/json/QUESTIONS8.json
[2023-12-19T17:56:11.058Z] GET /src/app/p8.html
[2023-12-19T17:56:11.074Z] GET /src/style/styles.css
[2023-12-19T17:56:11.124Z] GET /src/app/json/QUESTIONS8.json
[2023-12-19T17:56:19.685Z] GET /src/app/p8.html
[2023-12-19T17:56:19.699Z] GET /src/style/styles.css
[2023-12-19T17:56:19.750Z] GET /src/app/json/QUESTIONS8.json
[2023-12-19T17:56:36.895Z] GET /src/app/p8.html
[2023-12-19T17:56:36.911Z] GET /src/style/styles.css
[2023-12-19T17:56:36.956Z] GET /src/app/json/QUESTIONS8.json
[2023-12-19T17:56:37.599Z] GET /src/app/p8.html
[2023-12-19T17:56:37.610Z] GET /src/style/styles.css
[2023-12-19T17:56:37.652Z] GET /src/app/json/QUESTIONS8.json
[2023-12-19T17:56:38.153Z] GET /src/app/p8.html
[2023-12-19T17:56:38.167Z] GET /src/style/styles.css
[2023-12-19T17:56:38.208Z] GET /src/app/json/QUESTIONS8.json
[2023-12-19T17:57:20.181Z] GET /src/app/p8.html
[2023-12-19T17:57:20.195Z] GET /src/style/styles.css
[2023-12-19T17:57:20.273Z] GET /src/app/json/QUESTIONS8.json
[2023-12-19T17:57:20.906Z] GET /src/app/p8.html
[2023-12-19T17:57:20.918Z] GET /src/style/styles.css
[2023-12-19T17:57:20.962Z] GET /src/app/json/QUESTIONS8.json
[2023-12-19T17:57:21.434Z] GET /src/app/p8.html
[2023-12-19T17:57:21.448Z] GET /src/style/styles.css
[2023-12-19T17:57:21.486Z] GET /src/app/json/QUESTIONS8.json
[2023-12-19T17:57:35.932Z] GET /src/app/p5.html
[2023-12-19T17:57:36.029Z] GET /src/style/styles.css
[2023-12-19T17:57:36.103Z] GET /src/app/json/QUESTIONS5.json
[2023-12-19T17:57:51.060Z] GET /src/app/p5.html
[2023-12-19T17:57:51.079Z] GET /src/style/styles.css
[2023-12-19T17:57:51.134Z] GET /src/app/json/QUESTIONS5.json
[2023-12-19T17:58:16.125Z] GET /src/app/p5.html
[2023-12-19T17:58:16.139Z] GET /src/style/styles.css
[2023-12-19T17:58:16.189Z] GET /src/app/json/QUESTIONS5.json
[2023-12-19T17:58:42.896Z] GET /src/app/p5.html
[2023-12-19T17:58:42.911Z] GET /src/style/styles.css
[2023-12-19T17:58:42.961Z] GET /src/app/json/QUESTIONS5.json
[2023-12-19T17:58:50.049Z] GET /src/app/p5.html
[2023-12-19T17:58:50.064Z] GET /src/style/styles.css
[2023-12-19T17:58:50.117Z] GET /src/app/json/QUESTIONS5.json
[2023-12-19T17:59:05.015Z] GET /src/app/p5.html
[2023-12-19T17:59:05.031Z] GET /src/style/styles.css
[2023-12-19T17:59:05.105Z] GET /src/app/json/QUESTIONS5.json
[2023-12-19T17:59:15.905Z] GET /src/app/p5.html
[2023-12-19T17:59:15.920Z] GET /src/style/styles.css
[2023-12-19T17:59:15.973Z] GET /src/app/json/QUESTIONS5.json
[2023-12-19T18:00:33.005Z] GET /src/app/p5.html
[2023-12-19T18:00:33.023Z] GET /src/style/styles.css
[2023-12-19T18:00:33.074Z] GET /src/app/json/QUESTIONS5.json
[2023-12-19T18:00:33.875Z] GET /src/app/p5.html
[2023-12-19T18:00:33.886Z] GET /src/style/styles.css
[2023-12-19T18:00:33.933Z] GET /src/app/json/QUESTIONS5.json
[2023-12-19T18:12:46.202Z] GET /
[2023-12-19T18:12:47.624Z] GET /ondex.html
[2023-12-19T18:13:23.610Z] GET /ondex.html
[2023-12-19T18:15:11.979Z] GET /ondex.html
[2023-12-19T18:15:33.208Z] GET /ondex.html
[2023-12-19T18:15:38.583Z] GET /ondex.html
